d:\programfiles\programming\_git\bipedengine\bipedengine\dll_d3d12\bin\debug\vc141.pdb
d:\programfiles\programming\_git\bipedengine\bipedengine\dll_d3d12\bin\debug\vc141.idb
d:\programfiles\programming\_git\bipedengine\bipedengine\dll_d3d12\bin\debug\dllmain.obj
d:\programfiles\programming\_git\bipedengine\bipedengine\dll_d3d12\bin\debug\bpd_d3d12.obj
d:\programfiles\programming\_git\bipedengine\bipedengine\builds\debug\dll_d3d12.lib
d:\programfiles\programming\_git\bipedengine\bipedengine\builds\debug\dll_d3d12.exp
d:\programfiles\programming\_git\bipedengine\bipedengine\builds\debug\dll_d3d12_x64.lib
d:\programfiles\programming\_git\bipedengine\bipedengine\builds\debug\dll_d3d12_x64.exp
d:\programfiles\programming\_git\bipedengine\bipedengine\builds\debug\dll_d3d12.dll
d:\programfiles\programming\_git\bipedengine\bipedengine\builds\debug\dll_d3d12.ilk
d:\programfiles\programming\_git\bipedengine\bipedengine\builds\debug\dll_d3d12.pdb
d:\programfiles\programming\_git\bipedengine\bipedengine\dll_d3d12\bin\debug\dll_d3d12.tlog\cl.command.1.tlog
d:\programfiles\programming\_git\bipedengine\bipedengine\dll_d3d12\bin\debug\dll_d3d12.tlog\cl.read.1.tlog
d:\programfiles\programming\_git\bipedengine\bipedengine\dll_d3d12\bin\debug\dll_d3d12.tlog\cl.write.1.tlog
d:\programfiles\programming\_git\bipedengine\bipedengine\dll_d3d12\bin\debug\dll_d3d12.tlog\dll_d3d12.write.1u.tlog
d:\programfiles\programming\_git\bipedengine\bipedengine\dll_d3d12\bin\debug\dll_d3d12.tlog\link.25408.delete.1.tlog
d:\programfiles\programming\_git\bipedengine\bipedengine\dll_d3d12\bin\debug\dll_d3d12.tlog\link.8280.delete.1.tlog
d:\programfiles\programming\_git\bipedengine\bipedengine\dll_d3d12\bin\debug\dll_d3d12.tlog\link.command.1.tlog
d:\programfiles\programming\_git\bipedengine\bipedengine\dll_d3d12\bin\debug\dll_d3d12.tlog\link.read.1.tlog
d:\programfiles\programming\_git\bipedengine\bipedengine\dll_d3d12\bin\debug\dll_d3d12.tlog\link.write.1.tlog
